Base path: 'C:/Program Files/Uninstall Information/Unity/Hub/Editor/2021.3.11f1/Editor/Data', plugins path 'C:/Program Files/Uninstall Information/Unity/Hub/Editor/2021.3.11f1/Editor/Data/PlaybackEngines'
Cmd: initializeCompiler

Cmd: disassembleShader
 name=Standard platform=d3d11 type=15 mask=6 insize=1926 outsize=3310 ok=1

Cmd: disassembleShader
 name=Standard platform=d3d11 type=17 mask=6 insize=5754 outsize=8064 ok=1

Cmd: disassembleShader
 name=Standard platform=d3d11 type=15 mask=6 insize=1950 outsize=3420 ok=1

Cmd: disassembleShader
 name=Standard platform=d3d11 type=17 mask=6 insize=3390 outsize=4962 ok=1

Cmd: disassembleShader
 name=Standard platform=d3d11 type=15 mask=6 insize=1330 outsize=2142 ok=1

Cmd: disassembleShader
 name=Standard platform=d3d11 type=17 mask=6 insize=2366 outsize=4159 ok=1

Cmd: disassembleShader
 name=Standard platform=d3d11 type=15 mask=6 insize=2922 outsize=4631 ok=1

Cmd: disassembleShader
 name=Standard platform=d3d11 type=15 mask=6 insize=1330 outsize=2142 ok=1

Cmd: shutdown

Quitting shader compiler process
